Arguments: 
  C:\Program Files\nodejs\node.exe C:\Program Files\nodejs\node_modules\yarn\bin\yarn.js start:db

PATH: 
  C:\Users\maria\bin;C:\Program Files\Git\mingw64\bin;C:\Program Files\Git\usr\local\bin;C:\Program Files\Git\usr\bin;C:\Program Files\Git\usr\bin;C:\Program Files\Git\mingw64\bin;C:\Program Files\Git\usr\bin;C:\Users\maria\bin;C:\Program Files\Java\zulu17.44.15-ca-jdk17.0.8-win_x64\bin;C:\WINDOWS\system32;C:\WINDOWS;C:\WINDOWS\System32\Wbem;C:\WINDOWS\System32\WindowsPowerShell\v1.0;C:\WINDOWS\System32\OpenSSH;C:\ProgramData\chocolatey\bin;C:\Program Files\Intel\WiFi\bin;C:\Program Files\Common Files\Intel\WirelessCommon;C:\Program Files\Git\cmd;C:\Program Files\Docker\Docker\resources\bin;C:\Users\maria\AppData\Roaming\nvm;C:\Program Files\nodejs;C:\Program Files\Go\bin;C:\glpk-4.65\w64;C:\Users\maria\AppData\Local\Programs\Python\Python311\Scripts;C:\Users\maria\AppData\Local\Programs\Python\Python311;C:\Users\maria\AppData\Local\Microsoft\WindowsApps;C:\Users\maria\AppData\Roaming\npm;C:\Users\maria\AppData\Local\Programs\Microsoft VS Code\bin;C:\Users\maria\AppData\Local\GitHubDesktop\bin;C:\xampp\php;C:\bin;C:\Users\maria\AppData\Roaming\Composer\vendor\bin;C:\Users\maria\AppData\Roaming\nvm;C:\Program Files\nodejs;C:\Users\maria\go\bin;C:\Program Files\JetBrains\IntelliJ IDEA 2023.2.2\bin;C:\glpk-4.65\w64;C:\Program Files\Git\usr\bin\vendor_perl;C:\Program Files\Git\usr\bin\core_perl

Yarn version: 
  1.22.19

Node version: 
  20.3.1

Platform: 
  win32 x64

Trace: 
  SyntaxError: C:\Users\maria\EngSoftware\PIN2\pin2-nhs-log\package.json: Expected double-quoted property name in JSON at position 550
      at JSON.parse (<anonymous>)
      at C:\Users\maria\AppData\Roaming\nvm\v20.3.1\node_modules\yarn\lib\cli.js:1629:59
      at Generator.next (<anonymous>)
      at step (C:\Users\maria\AppData\Roaming\nvm\v20.3.1\node_modules\yarn\lib\cli.js:310:30)
      at C:\Users\maria\AppData\Roaming\nvm\v20.3.1\node_modules\yarn\lib\cli.js:321:13

npm manifest: 
  {
      "name": "server",
      "version": "1.0.0",
      "main": "index.js",
      "license": "MIT",
      "scripts": {
          "start:db": "ts-node ./src/index.ts",
          "seed-database": "ts-node ./src/infra/database/sequelize/seed-database/seed-database.ts"
      },
      "dependencies": {
          "@/shared": "1.0.0",
          "@types/express": "^4.17.17",
          "@types/node": "^20.5.9",
          "@types/pg": "^8.10.2",
          "cors": "^2.8.5",
          "dotenv": "^16.3.1",
          "express": "^4.18.2",
          "nodemon": "^3.0.1",
          "pg": "^8.11.3",
          "reflect-metadata": "^0.1.13",
          "sequelize": "^6.32.1",
          "sequelize-typescript": "^2.1.5",
          "typeorm": "^0.3.17",
          "typescript": "^5.2.2"
      },
      "devDependencies": {
          "@types/cors": "^2.8.14",
          "ts-node": "^10.9.1"
      }
  }

yarn manifest: 
  No manifest

Lockfile: 
  No lockfile
